<?xml version="1.0" encoding="UTF-8"?>
<!-- Generated by org.testng.reporters.JUnitXMLReporter -->
<testsuite hostname="DESKTOP-G24M896" ignored="5" name="Test(failed)" tests="3" failures="1" timestamp="2019-10-24T15:32:42 IST" time="155.406" errors="0">
  <testcase name="createCustomer" time="62.912" classname="com.odoo.scripts.SalesTest"/>
  <testcase name="CreatePipeline" time="50.487" classname="com.odoo.scripts.SalesTest"/>
  <testcase name="ShiftPipeline" time="22.298" classname="com.odoo.scripts.SalesTest">
    <failure type="org.openqa.selenium.StaleElementReferenceException" message="stale element reference: element is not attached to the page document
  (Session info: chrome=77.0.3865.120)
For documentation on this error, please visit: https://www.seleniumhq.org/exceptions/stale_element_reference.html
Build info: version: &amp;apos;3.141.59&amp;apos;, revision: &amp;apos;e82be7d358&amp;apos;, time: &amp;apos;2018-11-14T08:17:03&amp;apos;
System info: host: &amp;apos;DESKTOP-G24M896&amp;apos;, ip: &amp;apos;172.20.10.6&amp;apos;, os.name: &amp;apos;Windows 10&amp;apos;, os.arch: &amp;apos;amd64&amp;apos;, os.version: &amp;apos;10.0&amp;apos;, java.version: &amp;apos;1.8.0_144&amp;apos;
Driver info: org.openqa.selenium.chrome.ChromeDriver
Capabilities {acceptInsecureCerts: false, browserName: chrome, browserVersion: 77.0.3865.120, chrome: {chromedriverVersion: 77.0.3865.40 (f484704e052e0..., userDataDir: C:\Users\WELCOME\AppData\Lo...}, goog:chromeOptions: {debuggerAddress: localhost:60294}, javascriptEnabled: true, networkConnectionEnabled: false, pageLoadStrategy: normal, platform: XP, platformName: XP, proxy: Proxy(), setWindowRect: true, strictFileInteractability: false, timeouts: {implicit: 0, pageLoad: 300000, script: 30000}, unhandledPromptBehavior: dismiss and notify}
Session ID: 95b9d425d6a2872236530d1a240db388">
      <![CDATA[org.openqa.selenium.StaleElementReferenceException: stale element reference: element is not attached to the page document
  (Session info: chrome=77.0.3865.120)
For documentation on this error, please visit: https://www.seleniumhq.org/exceptions/stale_element_reference.html
Build info: version: '3.141.59', revision: 'e82be7d358', time: '2018-11-14T08:17:03'
System info: host: 'DESKTOP-G24M896', ip: '172.20.10.6', os.name: 'Windows 10', os.arch: 'amd64', os.version: '10.0', java.version: '1.8.0_144'
Driver info: org.openqa.selenium.chrome.ChromeDriver
Capabilities {acceptInsecureCerts: false, browserName: chrome, browserVersion: 77.0.3865.120, chrome: {chromedriverVersion: 77.0.3865.40 (f484704e052e0..., userDataDir: C:\Users\WELCOME\AppData\Lo...}, goog:chromeOptions: {debuggerAddress: localhost:60294}, javascriptEnabled: true, networkConnectionEnabled: false, pageLoadStrategy: normal, platform: XP, platformName: XP, proxy: Proxy(), setWindowRect: true, strictFileInteractability: false, timeouts: {implicit: 0, pageLoad: 300000, script: 30000}, unhandledPromptBehavior: dismiss and notify}
Session ID: 95b9d425d6a2872236530d1a240db388
at org.openqa.selenium.remote.http.W3CHttpResponseCodec.createException(W3CHttpResponseCodec.java:187)
at org.openqa.selenium.remote.http.W3CHttpResponseCodec.decode(W3CHttpResponseCodec.java:122)
at org.openqa.selenium.remote.http.W3CHttpResponseCodec.decode(W3CHttpResponseCodec.java:49)
at org.openqa.selenium.remote.HttpCommandExecutor.execute(HttpCommandExecutor.java:158)
at org.openqa.selenium.remote.service.DriverCommandExecutor.execute(DriverCommandExecutor.java:83)
at org.openqa.selenium.remote.RemoteWebDriver.execute(RemoteWebDriver.java:552)
at org.openqa.selenium.remote.RemoteWebDriver.perform(RemoteWebDriver.java:618)
at org.openqa.selenium.support.events.EventFiringWebDriver.lambda$new$1(EventFiringWebDriver.java:105)
at com.sun.proxy.$Proxy22.perform(Unknown Source)
at org.openqa.selenium.support.events.EventFiringWebDriver.perform(EventFiringWebDriver.java:360)
at org.openqa.selenium.interactions.Actions$BuiltAction.perform(Actions.java:639)
at org.openqa.selenium.interactions.Actions.perform(Actions.java:595)
at com.odoo.generic.SeleniumLib.DragandDrop(SeleniumLib.java:30)
at com.odoo.steps.PipelineSteps.ShiftStageQual(PipelineSteps.java:68)
at com.odoo.features.PipelineFeatures.DragandDrop(PipelineFeatures.java:32)
at com.odoo.scripts.SalesTest.ShiftPipeline(SalesTest.java:144)
at java.util.ArrayList.forEach(ArrayList.java:1249)
... Removed 35 stack frames]]>
    </failure>
  </testcase> <!-- ShiftPipeline -->
  <testcase name="editCustomer" time="0.0" classname="com.odoo.scripts.SalesTest">
    <ignored/>
  </testcase> <!-- editCustomer -->
  <testcase name="CreateDuplicateCustomer" time="0.0" classname="com.odoo.scripts.SalesTest">
    <ignored/>
  </testcase> <!-- CreateDuplicateCustomer -->
  <testcase name="DeleteDuplicateCustomer" time="0.0" classname="com.odoo.scripts.SalesTest">
    <ignored/>
  </testcase> <!-- DeleteDuplicateCustomer -->
  <testcase name="DeleteAllCustomer" time="0.0" classname="com.odoo.scripts.SalesTest">
    <ignored/>
  </testcase> <!-- DeleteAllCustomer -->
  <testcase name="createCustomerImport" time="0.0" classname="com.odoo.scripts.SalesTest">
    <ignored/>
  </testcase> <!-- createCustomerImport -->
</testsuite> <!-- Test(failed) -->
